# JRE version: OpenJDK Runtime Environment Temurin-21.0.10+7 (21.0.10+7) (build 21.0.10+7-LTS)
# Java VM: OpenJDK 64-Bit Server VM Temurin-21.0.10+7 (21.0.10+7-LTS, mixed mode, sharing, tiered, compressed oops, compressed class ptrs, parallel gc, windows-amd64)
GC Precious Log:
 CardTable entry size: 512
 CPUs: 8 total, 8 available
 Memory: 16102M
 Large Page Support: Disabled
 NUMA Support: Disabled
 Compressed Oops: Enabled (32-bit)
 Alignments: Space 512K, Generation 512K, Heap 2M
 Heap Min Capacity: 100M
 Heap Initial Capacity: 100M
 Heap Max Capacity: 2G
 Pre-touch: Disabled
 Parallel Workers: 8
Heap:
 PSYoungGen      total 20992K, used 12891K [0x00000000d5580000, 0x00000000d6d80000, 0x0000000100000000)
  eden space 18944K, 59% used [0x00000000d5580000,0x00000000d607eeb0,0x00000000d6800000)
  from space 2048K, 79% used [0x00000000d6b80000,0x00000000d6d18000,0x00000000d6d80000)
  to   space 2560K, 0% used [0x00000000d6880000,0x00000000d6880000,0x00000000d6b00000)
 ParOldGen       total 105984K, used 105496K [0x0000000080000000, 0x0000000086780000, 0x00000000d5580000)
  object space 105984K, 99% used [0x0000000080000000,0x00000000867060d8,0x0000000086780000)
 Metaspace       used 63210K, committed 64704K, reserved 1114112K
  class space    used 6857K, committed 7488K, reserved 1048576K
GC Heap History (20 events):
Event: 76.209 GC heap before
{Heap before GC invocations=38 (full 3):
 PSYoungGen      total 22016K, used 22016K [0x00000000d5580000, 0x00000000d7300000, 0x0000000100000000)
  eden space 20480K, 100% used [0x00000000d5580000,0x00000000d6980000,0x00000000d6980000)
  from space 1536K, 100% used [0x00000000d6d80000,0x00000000d6f00000,0x00000000d6f00000)
  to   space 4096K, 0% used [0x00000000d6980000,0x00000000d6980000,0x00000000d6d80000)
 ParOldGen       total 68608K, used 49027K [0x0000000080000000, 0x0000000084300000, 0x00000000d5580000)
  object space 68608K, 71% used [0x0000000080000000,0x0000000082fe0e08,0x0000000084300000)
 Metaspace       used 60898K, committed 62400K, reserved 1114112K
  class space    used 6678K, committed 7296K, reserved 1048576K
}
Event: 76.213 GC heap after
{Heap after GC invocations=38 (full 3):
 PSYoungGen      total 22016K, used 1472K [0x00000000d5580000, 0x00000000d6e80000, 0x0000000100000000)
  eden space 20480K, 0% used [0x00000000d5580000,0x00000000d5580000,0x00000000d6980000)
  from space 1536K, 95% used [0x00000000d6980000,0x00000000d6af0000,0x00000000d6b00000)
  to   space 2560K, 0% used [0x00000000d6c00000,0x00000000d6c00000,0x00000000d6e80000)
 ParOldGen       total 68608K, used 50066K [0x0000000080000000, 0x0000000084300000, 0x00000000d5580000)
  object space 68608K, 72% used [0x0000000080000000,0x00000000830e4b18,0x0000000084300000)
 Metaspace       used 60898K, committed 62400K, reserved 1114112K
  class space    used 6678K, committed 7296K, reserved 1048576K
}
Event: 77.426 GC heap before
{Heap before GC invocations=39 (full 3):
 PSYoungGen      total 22016K, used 21952K [0x00000000d5580000, 0x00000000d6e80000, 0x0000000100000000)
  eden space 20480K, 100% used [0x00000000d5580000,0x00000000d6980000,0x00000000d6980000)
  from space 1536K, 95% used [0x00000000d6980000,0x00000000d6af0000,0x00000000d6b00000)
  to   space 2560K, 0% used [0x00000000d6c00000,0x00000000d6c00000,0x00000000d6e80000)
 ParOldGen       total 68608K, used 50066K [0x0000000080000000, 0x0000000084300000, 0x00000000d5580000)
  object space 68608K, 72% used [0x0000000080000000,0x00000000830e4b18,0x0000000084300000)
 Metaspace       used 61355K, committed 62848K, reserved 1114112K
  class space    used 6725K, committed 7360K, reserved 1048576K
}
Event: 77.428 GC heap after
{Heap after GC invocations=39 (full 3):
 PSYoungGen      total 22016K, used 1125K [0x00000000d5580000, 0x00000000d6d80000, 0x0000000100000000)
  eden space 20480K, 0% used [0x00000000d5580000,0x00000000d5580000,0x00000000d6980000)
  from space 1536K, 73% used [0x00000000d6c00000,0x00000000d6d19420,0x00000000d6d80000)
  to   space 1536K, 0% used [0x00000000d6980000,0x00000000d6980000,0x00000000d6b00000)
 ParOldGen       total 68608K, used 51274K [0x0000000080000000, 0x0000000084300000, 0x00000000d5580000)
  object space 68608K, 74% used [0x0000000080000000,0x0000000083212b18,0x0000000084300000)
 Metaspace       used 61355K, committed 62848K, reserved 1114112K
  class space    used 6725K, committed 7360K, reserved 1048576K
}
Event: 437.198 GC heap before
{Heap before GC invocations=40 (full 3):
 PSYoungGen      total 22016K, used 21605K [0x00000000d5580000, 0x00000000d6d80000, 0x0000000100000000)
  eden space 20480K, 100% used [0x00000000d5580000,0x00000000d6980000,0x00000000d6980000)
  from space 1536K, 73% used [0x00000000d6c00000,0x00000000d6d19420,0x00000000d6d80000)
  to   space 1536K, 0% used [0x00000000d6980000,0x00000000d6980000,0x00000000d6b00000)
 ParOldGen       total 68608K, used 51274K [0x0000000080000000, 0x0000000084300000, 0x00000000d5580000)
  object space 68608K, 74% used [0x0000000080000000,0x0000000083212b18,0x0000000084300000)
 Metaspace       used 61786K, committed 63232K, reserved 1114112K
  class space    used 6747K, committed 7360K, reserved 1048576K
}
Event: 437.218 GC heap after
{Heap after GC invocations=40 (full 3):
 PSYoungGen      total 22016K, used 352K [0x00000000d5580000, 0x00000000d6c80000, 0x0000000100000000)
  eden space 20480K, 0% used [0x00000000d5580000,0x00000000d5580000,0x00000000d6980000)
  from space 1536K, 22% used [0x00000000d6980000,0x00000000d69d8000,0x00000000d6b00000)
  to   space 1024K, 0% used [0x00000000d6b80000,0x00000000d6b80000,0x00000000d6c80000)
 ParOldGen       total 68608K, used 52183K [0x0000000080000000, 0x0000000084300000, 0x00000000d5580000)
  object space 68608K, 76% used [0x0000000080000000,0x00000000832f5ca0,0x0000000084300000)
 Metaspace       used 61786K, committed 63232K, reserved 1114112K
  class space    used 6747K, committed 7360K, reserved 1048576K
}
Event: 582.463 GC heap before
{Heap before GC invocations=41 (full 3):
 PSYoungGen      total 22016K, used 20832K [0x00000000d5580000, 0x00000000d6c80000, 0x0000000100000000)
  eden space 20480K, 100% used [0x00000000d5580000,0x00000000d6980000,0x00000000d6980000)
  from space 1536K, 22% used [0x00000000d6980000,0x00000000d69d8000,0x00000000d6b00000)
  to   space 1024K, 0% used [0x00000000d6b80000,0x00000000d6b80000,0x00000000d6c80000)
 ParOldGen       total 80384K, used 75223K [0x0000000080000000, 0x0000000084e80000, 0x00000000d5580000)
  object space 80384K, 93% used [0x0000000080000000,0x0000000084975cc0,0x0000000084e80000)
 Metaspace       used 62724K, committed 64192K, reserved 1114112K
  class space    used 6841K, committed 7488K, reserved 1048576K
}
Event: 582.468 GC heap after
{Heap after GC invocations=41 (full 3):
 PSYoungGen      total 21504K, used 799K [0x00000000d5580000, 0x00000000d6c80000, 0x0000000100000000)
  eden space 20480K, 0% used [0x00000000d5580000,0x00000000d5580000,0x00000000d6980000)
  from space 1024K, 78% used [0x00000000d6b80000,0x00000000d6c47c18,0x00000000d6c80000)
  to   space 1024K, 0% used [0x00000000d6a80000,0x00000000d6a80000,0x00000000d6b80000)
 ParOldGen       total 80384K, used 75425K [0x0000000080000000, 0x0000000084e80000, 0x00000000d5580000)
  object space 80384K, 93% used [0x0000000080000000,0x00000000849a8498,0x0000000084e80000)
 Metaspace       used 62724K, committed 64192K, reserved 1114112K
  class space    used 6841K, committed 7488K, reserved 1048576K
}
Event: 994.366 GC heap before
{Heap before GC invocations=42 (full 3):
 PSYoungGen      total 21504K, used 21279K [0x00000000d5580000, 0x00000000d6c80000, 0x0000000100000000)
  eden space 20480K, 100% used [0x00000000d5580000,0x00000000d6980000,0x00000000d6980000)
  from space 1024K, 78% used [0x00000000d6b80000,0x00000000d6c47c18,0x00000000d6c80000)
  to   space 1024K, 0% used [0x00000000d6a80000,0x00000000d6a80000,0x00000000d6b80000)
 ParOldGen       total 103936K, used 98465K [0x0000000080000000, 0x0000000086580000, 0x00000000d5580000)
  object space 103936K, 94% used [0x0000000080000000,0x00000000860284b8,0x0000000086580000)
 Metaspace       used 62948K, committed 64448K, reserved 1114112K
  class space    used 6850K, committed 7488K, reserved 1048576K
}
Event: 994.377 GC heap after
{Heap after GC invocations=42 (full 3):
 PSYoungGen      total 21504K, used 320K [0x00000000d5580000, 0x00000000d6c00000, 0x0000000100000000)
  eden space 20480K, 0% used [0x00000000d5580000,0x00000000d5580000,0x00000000d6980000)
  from space 1024K, 31% used [0x00000000d6a80000,0x00000000d6ad0000,0x00000000d6b80000)
  to   space 512K, 0% used [0x00000000d6b80000,0x00000000d6b80000,0x00000000d6c00000)
 ParOldGen       total 103936K, used 98934K [0x0000000080000000, 0x0000000086580000, 0x00000000d5580000)
  object space 103936K, 95% used [0x0000000080000000,0x000000008609d860,0x0000000086580000)
 Metaspace       used 62948K, committed 64448K, reserved 1114112K
  class space    used 6850K, committed 7488K, reserved 1048576K
}
Event: 2753.969 GC heap before
{Heap before GC invocations=43 (full 3):
 PSYoungGen      total 21504K, used 20800K [0x00000000d5580000, 0x00000000d6c00000, 0x0000000100000000)
  eden space 20480K, 100% used [0x00000000d5580000,0x00000000d6980000,0x00000000d6980000)
  from space 1024K, 31% used [0x00000000d6a80000,0x00000000d6ad0000,0x00000000d6b80000)
  to   space 512K, 0% used [0x00000000d6b80000,0x00000000d6b80000,0x00000000d6c00000)
 ParOldGen       total 103936K, used 98934K [0x0000000080000000, 0x0000000086580000, 0x00000000d5580000)
  object space 103936K, 95% used [0x0000000080000000,0x000000008609d860,0x0000000086580000)
 Metaspace       used 63047K, committed 64576K, reserved 1114112K
  class space    used 6855K, committed 7488K, reserved 1048576K
}
Event: 2753.994 GC heap after
{Heap after GC invocations=43 (full 3):
 PSYoungGen      total 19456K, used 512K [0x00000000d5580000, 0x00000000d7080000, 0x0000000100000000)
  eden space 18944K, 0% used [0x00000000d5580000,0x00000000d5580000,0x00000000d6800000)
  from space 512K, 100% used [0x00000000d6b80000,0x00000000d6c00000,0x00000000d6c00000)
  to   space 3584K, 0% used [0x00000000d6800000,0x00000000d6800000,0x00000000d6b80000)
 ParOldGen       total 103936K, used 101136K [0x0000000080000000, 0x0000000086580000, 0x00000000d5580000)
  object space 103936K, 97% used [0x0000000080000000,0x00000000862c4038,0x0000000086580000)
 Metaspace       used 63047K, committed 64576K, reserved 1114112K
  class space    used 6855K, committed 7488K, reserved 1048576K
}
Event: 2755.188 GC heap before
{Heap before GC invocations=44 (full 3):
 PSYoungGen      total 19456K, used 19456K [0x00000000d5580000, 0x00000000d7080000, 0x0000000100000000)
  eden space 18944K, 100% used [0x00000000d5580000,0x00000000d6800000,0x00000000d6800000)
  from space 512K, 100% used [0x00000000d6b80000,0x00000000d6c00000,0x00000000d6c00000)
  to   space 3584K, 0% used [0x00000000d6800000,0x00000000d6800000,0x00000000d6b80000)
 ParOldGen       total 103936K, used 101136K [0x0000000080000000, 0x0000000086580000, 0x00000000d5580000)
  object space 103936K, 97% used [0x0000000080000000,0x00000000862c4038,0x0000000086580000)
 Metaspace       used 63060K, committed 64576K, reserved 1114112K
  class space    used 6855K, committed 7488K, reserved 1048576K
}
Event: 2755.202 GC heap after
{Heap after GC invocations=44 (full 3):
 PSYoungGen      total 20480K, used 1296K [0x00000000d5580000, 0x00000000d6c00000, 0x0000000100000000)
  eden space 18944K, 0% used [0x00000000d5580000,0x00000000d5580000,0x00000000d6800000)
  from space 1536K, 84% used [0x00000000d6800000,0x00000000d6944010,0x00000000d6980000)
  to   space 2048K, 0% used [0x00000000d6a00000,0x00000000d6a00000,0x00000000d6c00000)
 ParOldGen       total 103936K, used 101596K [0x0000000080000000, 0x0000000086580000, 0x00000000d5580000)
  object space 103936K, 97% used [0x0000000080000000,0x0000000086337068,0x0000000086580000)
 Metaspace       used 63060K, committed 64576K, reserved 1114112K
  class space    used 6855K, committed 7488K, reserved 1048576K
}
Event: 2756.637 GC heap before
{Heap before GC invocations=45 (full 3):
 PSYoungGen      total 20480K, used 20240K [0x00000000d5580000, 0x00000000d6c00000, 0x0000000100000000)
  eden space 18944K, 100% used [0x00000000d5580000,0x00000000d6800000,0x00000000d6800000)
  from space 1536K, 84% used [0x00000000d6800000,0x00000000d6944010,0x00000000d6980000)
  to   space 2048K, 0% used [0x00000000d6a00000,0x00000000d6a00000,0x00000000d6c00000)
 ParOldGen       total 103936K, used 101596K [0x0000000080000000, 0x0000000086580000, 0x00000000d5580000)
  object space 103936K, 97% used [0x0000000080000000,0x0000000086337068,0x0000000086580000)
 Metaspace       used 63085K, committed 64576K, reserved 1114112K
  class space    used 6855K, committed 7488K, reserved 1048576K
}
Event: 2756.641 GC heap after
{Heap after GC invocations=45 (full 3):
 PSYoungGen      total 20480K, used 1408K [0x00000000d5580000, 0x00000000d6b80000, 0x0000000100000000)
  eden space 18944K, 0% used [0x00000000d5580000,0x00000000d5580000,0x00000000d6800000)
  from space 1536K, 91% used [0x00000000d6a00000,0x00000000d6b60000,0x00000000d6b80000)
  to   space 1536K, 0% used [0x00000000d6800000,0x00000000d6800000,0x00000000d6980000)
 ParOldGen       total 103936K, used 102660K [0x0000000080000000, 0x0000000086580000, 0x00000000d5580000)
  object space 103936K, 98% used [0x0000000080000000,0x0000000086441068,0x0000000086580000)
 Metaspace       used 63085K, committed 64576K, reserved 1114112K
  class space    used 6855K, committed 7488K, reserved 1048576K
}
Event: 2757.128 GC heap before
{Heap before GC invocations=46 (full 3):
 PSYoungGen      total 20480K, used 20352K [0x00000000d5580000, 0x00000000d6b80000, 0x0000000100000000)
  eden space 18944K, 100% used [0x00000000d5580000,0x00000000d6800000,0x00000000d6800000)
  from space 1536K, 91% used [0x00000000d6a00000,0x00000000d6b60000,0x00000000d6b80000)
  to   space 1536K, 0% used [0x00000000d6800000,0x00000000d6800000,0x00000000d6980000)
 ParOldGen       total 103936K, used 102660K [0x0000000080000000, 0x0000000086580000, 0x00000000d5580000)
  object space 103936K, 98% used [0x0000000080000000,0x0000000086441068,0x0000000086580000)
 Metaspace       used 63128K, committed 64576K, reserved 1114112K
  class space    used 6855K, committed 7488K, reserved 1048576K
}
Event: 2757.133 GC heap after
{Heap after GC invocations=46 (full 3):
 PSYoungGen      total 20480K, used 1536K [0x00000000d5580000, 0x00000000d6f00000, 0x0000000100000000)
  eden space 18944K, 0% used [0x00000000d5580000,0x00000000d5580000,0x00000000d6800000)
  from space 1536K, 100% used [0x00000000d6800000,0x00000000d6980000,0x00000000d6980000)
  to   space 3584K, 0% used [0x00000000d6b80000,0x00000000d6b80000,0x00000000d6f00000)
 ParOldGen       total 104448K, used 104164K [0x0000000080000000, 0x0000000086600000, 0x00000000d5580000)
  object space 104448K, 99% used [0x0000000080000000,0x00000000865b90b8,0x0000000086600000)
 Metaspace       used 63128K, committed 64576K, reserved 1114112K
  class space    used 6855K, committed 7488K, reserved 1048576K
}
Event: 2757.400 GC heap before
{Heap before GC invocations=47 (full 3):
 PSYoungGen      total 20480K, used 20480K [0x00000000d5580000, 0x00000000d6f00000, 0x0000000100000000)
  eden space 18944K, 100% used [0x00000000d5580000,0x00000000d6800000,0x00000000d6800000)
  from space 1536K, 100% used [0x00000000d6800000,0x00000000d6980000,0x00000000d6980000)
  to   space 3584K, 0% used [0x00000000d6b80000,0x00000000d6b80000,0x00000000d6f00000)
 ParOldGen       total 104448K, used 104164K [0x0000000080000000, 0x0000000086600000, 0x00000000d5580000)
  object space 104448K, 99% used [0x0000000080000000,0x00000000865b90b8,0x0000000086600000)
 Metaspace       used 63172K, committed 64640K, reserved 1114112K
  class space    used 6856K, committed 7488K, reserved 1048576K
}
Event: 2757.403 GC heap after
{Heap after GC invocations=47 (full 3):
 PSYoungGen      total 20992K, used 1632K [0x00000000d5580000, 0x00000000d6d80000, 0x0000000100000000)
  eden space 18944K, 0% used [0x00000000d5580000,0x00000000d5580000,0x00000000d6800000)
  from space 2048K, 79% used [0x00000000d6b80000,0x00000000d6d18000,0x00000000d6d80000)
  to   space 2560K, 0% used [0x00000000d6880000,0x00000000d6880000,0x00000000d6b00000)
 ParOldGen       total 105984K, used 105496K [0x0000000080000000, 0x0000000086780000, 0x00000000d5580000)
  object space 105984K, 99% used [0x0000000080000000,0x00000000867060d8,0x0000000086780000)
 Metaspace       used 63172K, committed 64640K, reserved 1114112K
  class space    used 6856K, committed 7488K, reserved 1048576K
}

