# JRE version: OpenJDK Runtime Environment Temurin-21.0.10+7 (21.0.10+7) (build 21.0.10+7-LTS)
# Java VM: OpenJDK 64-Bit Server VM Temurin-21.0.10+7 (21.0.10+7-LTS, mixed mode, sharing, tiered, compressed oops, compressed class ptrs, parallel gc, windows-amd64)
GC Precious Log:
 CardTable entry size: 512
 CPUs: 8 total, 8 available
 Memory: 16102M
 Large Page Support: Disabled
 NUMA Support: Disabled
 Compressed Oops: Enabled (32-bit)
 Alignments: Space 512K, Generation 512K, Heap 2M
 Heap Min Capacity: 100M
 Heap Initial Capacity: 100M
 Heap Max Capacity: 2G
 Pre-touch: Disabled
 Parallel Workers: 8
Heap:
 PSYoungGen      total 23040K, used 3815K [0x00000000d5580000, 0x00000000d6f00000, 0x0000000100000000)
  eden space 21504K, 11% used [0x00000000d5580000,0x00000000d57f1ef0,0x00000000d6a80000)
  from space 1536K, 85% used [0x00000000d6d80000,0x00000000d6ec8020,0x00000000d6f00000)
  to   space 2048K, 0% used [0x00000000d6b00000,0x00000000d6b00000,0x00000000d6d00000)
 ParOldGen       total 68608K, used 43522K [0x0000000080000000, 0x0000000084300000, 0x00000000d5580000)
  object space 68608K, 63% used [0x0000000080000000,0x0000000082a80be0,0x0000000084300000)
 Metaspace       used 55195K, committed 56576K, reserved 1114112K
  class space    used 5993K, committed 6656K, reserved 1048576K
GC Heap History (20 events):
Event: 23.941 GC heap before
{Heap before GC invocations=25 (full 2):
 PSYoungGen      total 24064K, used 23915K [0x00000000d5580000, 0x00000000d7000000, 0x0000000100000000)
  eden space 22016K, 100% used [0x00000000d5580000,0x00000000d6b00000,0x00000000d6b00000)
  from space 2048K, 92% used [0x00000000d6e00000,0x00000000d6fdaea8,0x00000000d7000000)
  to   space 2048K, 0% used [0x00000000d6c00000,0x00000000d6c00000,0x00000000d6e00000)
 ParOldGen       total 68608K, used 27241K [0x0000000080000000, 0x0000000084300000, 0x00000000d5580000)
  object space 68608K, 39% used [0x0000000080000000,0x0000000081a9a470,0x0000000084300000)
 Metaspace       used 52414K, committed 53632K, reserved 1114112K
  class space    used 5773K, committed 6336K, reserved 1048576K
}
Event: 23.947 GC heap after
{Heap after GC invocations=25 (full 2):
 PSYoungGen      total 24064K, used 2032K [0x00000000d5580000, 0x00000000d7400000, 0x0000000100000000)
  eden space 22016K, 0% used [0x00000000d5580000,0x00000000d5580000,0x00000000d6b00000)
  from space 2048K, 99% used [0x00000000d6c00000,0x00000000d6dfc010,0x00000000d6e00000)
  to   space 4608K, 0% used [0x00000000d6f80000,0x00000000d6f80000,0x00000000d7400000)
 ParOldGen       total 68608K, used 29082K [0x0000000080000000, 0x0000000084300000, 0x00000000d5580000)
  object space 68608K, 42% used [0x0000000080000000,0x0000000081c66a10,0x0000000084300000)
 Metaspace       used 52414K, committed 53632K, reserved 1114112K
  class space    used 5773K, committed 6336K, reserved 1048576K
}
Event: 26.153 GC heap before
{Heap before GC invocations=26 (full 2):
 PSYoungGen      total 24064K, used 24048K [0x00000000d5580000, 0x00000000d7400000, 0x0000000100000000)
  eden space 22016K, 100% used [0x00000000d5580000,0x00000000d6b00000,0x00000000d6b00000)
  from space 2048K, 99% used [0x00000000d6c00000,0x00000000d6dfc010,0x00000000d6e00000)
  to   space 4608K, 0% used [0x00000000d6f80000,0x00000000d6f80000,0x00000000d7400000)
 ParOldGen       total 68608K, used 29082K [0x0000000080000000, 0x0000000084300000, 0x00000000d5580000)
  object space 68608K, 42% used [0x0000000080000000,0x0000000081c66a10,0x0000000084300000)
 Metaspace       used 52693K, committed 53952K, reserved 1114112K
  class space    used 5774K, committed 6336K, reserved 1048576K
}
Event: 26.158 GC heap after
{Heap after GC invocations=26 (full 2):
 PSYoungGen      total 23552K, used 1504K [0x00000000d5580000, 0x00000000d7100000, 0x0000000100000000)
  eden space 22016K, 0% used [0x00000000d5580000,0x00000000d5580000,0x00000000d6b00000)
  from space 1536K, 97% used [0x00000000d6f80000,0x00000000d70f8000,0x00000000d7100000)
  to   space 2560K, 0% used [0x00000000d6c00000,0x00000000d6c00000,0x00000000d6e80000)
 ParOldGen       total 68608K, used 30827K [0x0000000080000000, 0x0000000084300000, 0x00000000d5580000)
  object space 68608K, 44% used [0x0000000080000000,0x0000000081e1aca0,0x0000000084300000)
 Metaspace       used 52693K, committed 53952K, reserved 1114112K
  class space    used 5774K, committed 6336K, reserved 1048576K
}
Event: 26.762 GC heap before
{Heap before GC invocations=27 (full 2):
 PSYoungGen      total 23552K, used 23520K [0x00000000d5580000, 0x00000000d7100000, 0x0000000100000000)
  eden space 22016K, 100% used [0x00000000d5580000,0x00000000d6b00000,0x00000000d6b00000)
  from space 1536K, 97% used [0x00000000d6f80000,0x00000000d70f8000,0x00000000d7100000)
  to   space 2560K, 0% used [0x00000000d6c00000,0x00000000d6c00000,0x00000000d6e80000)
 ParOldGen       total 68608K, used 30827K [0x0000000080000000, 0x0000000084300000, 0x00000000d5580000)
  object space 68608K, 44% used [0x0000000080000000,0x0000000081e1aca0,0x0000000084300000)
 Metaspace       used 53118K, committed 54400K, reserved 1114112K
  class space    used 5822K, committed 6400K, reserved 1048576K
}
Event: 26.767 GC heap after
{Heap after GC invocations=27 (full 2):
 PSYoungGen      total 24576K, used 2400K [0x00000000d5580000, 0x00000000d7100000, 0x0000000100000000)
  eden space 22016K, 0% used [0x00000000d5580000,0x00000000d5580000,0x00000000d6b00000)
  from space 2560K, 93% used [0x00000000d6c00000,0x00000000d6e58010,0x00000000d6e80000)
  to   space 2560K, 0% used [0x00000000d6e80000,0x00000000d6e80000,0x00000000d7100000)
 ParOldGen       total 68608K, used 32055K [0x0000000080000000, 0x0000000084300000, 0x00000000d5580000)
  object space 68608K, 46% used [0x0000000080000000,0x0000000081f4dcb0,0x0000000084300000)
 Metaspace       used 53118K, committed 54400K, reserved 1114112K
  class space    used 5822K, committed 6400K, reserved 1048576K
}
Event: 27.205 GC heap before
{Heap before GC invocations=28 (full 2):
 PSYoungGen      total 24576K, used 24416K [0x00000000d5580000, 0x00000000d7100000, 0x0000000100000000)
  eden space 22016K, 100% used [0x00000000d5580000,0x00000000d6b00000,0x00000000d6b00000)
  from space 2560K, 93% used [0x00000000d6c00000,0x00000000d6e58010,0x00000000d6e80000)
  to   space 2560K, 0% used [0x00000000d6e80000,0x00000000d6e80000,0x00000000d7100000)
 ParOldGen       total 68608K, used 32055K [0x0000000080000000, 0x0000000084300000, 0x00000000d5580000)
  object space 68608K, 46% used [0x0000000080000000,0x0000000081f4dcb0,0x0000000084300000)
 Metaspace       used 53308K, committed 54592K, reserved 1114112K
  class space    used 5823K, committed 6400K, reserved 1048576K
}
Event: 27.212 GC heap after
{Heap after GC invocations=28 (full 2):
 PSYoungGen      total 24576K, used 2112K [0x00000000d5580000, 0x00000000d7100000, 0x0000000100000000)
  eden space 22016K, 0% used [0x00000000d5580000,0x00000000d5580000,0x00000000d6b00000)
  from space 2560K, 82% used [0x00000000d6e80000,0x00000000d7090000,0x00000000d7100000)
  to   space 2560K, 0% used [0x00000000d6c00000,0x00000000d6c00000,0x00000000d6e80000)
 ParOldGen       total 68608K, used 33638K [0x0000000080000000, 0x0000000084300000, 0x00000000d5580000)
  object space 68608K, 49% used [0x0000000080000000,0x00000000820d99d0,0x0000000084300000)
 Metaspace       used 53308K, committed 54592K, reserved 1114112K
  class space    used 5823K, committed 6400K, reserved 1048576K
}
Event: 29.116 GC heap before
{Heap before GC invocations=29 (full 2):
 PSYoungGen      total 24576K, used 24128K [0x00000000d5580000, 0x00000000d7100000, 0x0000000100000000)
  eden space 22016K, 100% used [0x00000000d5580000,0x00000000d6b00000,0x00000000d6b00000)
  from space 2560K, 82% used [0x00000000d6e80000,0x00000000d7090000,0x00000000d7100000)
  to   space 2560K, 0% used [0x00000000d6c00000,0x00000000d6c00000,0x00000000d6e80000)
 ParOldGen       total 68608K, used 33638K [0x0000000080000000, 0x0000000084300000, 0x00000000d5580000)
  object space 68608K, 49% used [0x0000000080000000,0x00000000820d99d0,0x0000000084300000)
 Metaspace       used 53599K, committed 54912K, reserved 1114112K
  class space    used 5844K, committed 6464K, reserved 1048576K
}
Event: 29.123 GC heap after
{Heap after GC invocations=29 (full 2):
 PSYoungGen      total 24576K, used 2272K [0x00000000d5580000, 0x00000000d7000000, 0x0000000100000000)
  eden space 22016K, 0% used [0x00000000d5580000,0x00000000d5580000,0x00000000d6b00000)
  from space 2560K, 88% used [0x00000000d6c00000,0x00000000d6e38000,0x00000000d6e80000)
  to   space 1536K, 0% used [0x00000000d6e80000,0x00000000d6e80000,0x00000000d7000000)
 ParOldGen       total 68608K, used 35205K [0x0000000080000000, 0x0000000084300000, 0x00000000d5580000)
  object space 68608K, 51% used [0x0000000080000000,0x0000000082261468,0x0000000084300000)
 Metaspace       used 53599K, committed 54912K, reserved 1114112K
  class space    used 5844K, committed 6464K, reserved 1048576K
}
Event: 30.643 GC heap before
{Heap before GC invocations=30 (full 2):
 PSYoungGen      total 24576K, used 24288K [0x00000000d5580000, 0x00000000d7000000, 0x0000000100000000)
  eden space 22016K, 100% used [0x00000000d5580000,0x00000000d6b00000,0x00000000d6b00000)
  from space 2560K, 88% used [0x00000000d6c00000,0x00000000d6e38000,0x00000000d6e80000)
  to   space 1536K, 0% used [0x00000000d6e80000,0x00000000d6e80000,0x00000000d7000000)
 ParOldGen       total 68608K, used 35205K [0x0000000080000000, 0x0000000084300000, 0x00000000d5580000)
  object space 68608K, 51% used [0x0000000080000000,0x0000000082261468,0x0000000084300000)
 Metaspace       used 53714K, committed 55040K, reserved 1114112K
  class space    used 5844K, committed 6464K, reserved 1048576K
}
Event: 30.649 GC heap after
{Heap after GC invocations=30 (full 2):
 PSYoungGen      total 23040K, used 1504K [0x00000000d5580000, 0x00000000d7300000, 0x0000000100000000)
  eden space 21504K, 0% used [0x00000000d5580000,0x00000000d5580000,0x00000000d6a80000)
  from space 1536K, 97% used [0x00000000d6e80000,0x00000000d6ff8020,0x00000000d7000000)
  to   space 4096K, 0% used [0x00000000d6a80000,0x00000000d6a80000,0x00000000d6e80000)
 ParOldGen       total 68608K, used 37439K [0x0000000080000000, 0x0000000084300000, 0x00000000d5580000)
  object space 68608K, 54% used [0x0000000080000000,0x000000008248ff30,0x0000000084300000)
 Metaspace       used 53714K, committed 55040K, reserved 1114112K
  class space    used 5844K, committed 6464K, reserved 1048576K
}
Event: 31.744 GC heap before
{Heap before GC invocations=31 (full 2):
 PSYoungGen      total 23040K, used 23008K [0x00000000d5580000, 0x00000000d7300000, 0x0000000100000000)
  eden space 21504K, 100% used [0x00000000d5580000,0x00000000d6a80000,0x00000000d6a80000)
  from space 1536K, 97% used [0x00000000d6e80000,0x00000000d6ff8020,0x00000000d7000000)
  to   space 4096K, 0% used [0x00000000d6a80000,0x00000000d6a80000,0x00000000d6e80000)
 ParOldGen       total 68608K, used 37439K [0x0000000080000000, 0x0000000084300000, 0x00000000d5580000)
  object space 68608K, 54% used [0x0000000080000000,0x000000008248ff30,0x0000000084300000)
 Metaspace       used 54311K, committed 55616K, reserved 1114112K
  class space    used 5904K, committed 6528K, reserved 1048576K
}
Event: 31.747 GC heap after
{Heap after GC invocations=31 (full 2):
 PSYoungGen      total 23552K, used 1760K [0x00000000d5580000, 0x00000000d6f80000, 0x0000000100000000)
  eden space 21504K, 0% used [0x00000000d5580000,0x00000000d5580000,0x00000000d6a80000)
  from space 2048K, 85% used [0x00000000d6a80000,0x00000000d6c38000,0x00000000d6c80000)
  to   space 2560K, 0% used [0x00000000d6d00000,0x00000000d6d00000,0x00000000d6f80000)
 ParOldGen       total 68608K, used 38773K [0x0000000080000000, 0x0000000084300000, 0x00000000d5580000)
  object space 68608K, 56% used [0x0000000080000000,0x00000000825dd6f8,0x0000000084300000)
 Metaspace       used 54311K, committed 55616K, reserved 1114112K
  class space    used 5904K, committed 6528K, reserved 1048576K
}
Event: 32.268 GC heap before
{Heap before GC invocations=32 (full 2):
 PSYoungGen      total 23552K, used 23264K [0x00000000d5580000, 0x00000000d6f80000, 0x0000000100000000)
  eden space 21504K, 100% used [0x00000000d5580000,0x00000000d6a80000,0x00000000d6a80000)
  from space 2048K, 85% used [0x00000000d6a80000,0x00000000d6c38000,0x00000000d6c80000)
  to   space 2560K, 0% used [0x00000000d6d00000,0x00000000d6d00000,0x00000000d6f80000)
 ParOldGen       total 68608K, used 38773K [0x0000000080000000, 0x0000000084300000, 0x00000000d5580000)
  object space 68608K, 56% used [0x0000000080000000,0x00000000825dd6f8,0x0000000084300000)
 Metaspace       used 54888K, committed 56192K, reserved 1114112K
  class space    used 5969K, committed 6592K, reserved 1048576K
}
Event: 32.273 GC heap after
{Heap after GC invocations=32 (full 2):
 PSYoungGen      total 24064K, used 2288K [0x00000000d5580000, 0x00000000d6f80000, 0x0000000100000000)
  eden space 21504K, 0% used [0x00000000d5580000,0x00000000d5580000,0x00000000d6a80000)
  from space 2560K, 89% used [0x00000000d6d00000,0x00000000d6f3c040,0x00000000d6f80000)
  to   space 2560K, 0% used [0x00000000d6a80000,0x00000000d6a80000,0x00000000d6d00000)
 ParOldGen       total 68608K, used 40293K [0x0000000080000000, 0x0000000084300000, 0x00000000d5580000)
  object space 68608K, 58% used [0x0000000080000000,0x0000000082759418,0x0000000084300000)
 Metaspace       used 54888K, committed 56192K, reserved 1114112K
  class space    used 5969K, committed 6592K, reserved 1048576K
}
Event: 33.187 GC heap before
{Heap before GC invocations=33 (full 2):
 PSYoungGen      total 24064K, used 23792K [0x00000000d5580000, 0x00000000d6f80000, 0x0000000100000000)
  eden space 21504K, 100% used [0x00000000d5580000,0x00000000d6a80000,0x00000000d6a80000)
  from space 2560K, 89% used [0x00000000d6d00000,0x00000000d6f3c040,0x00000000d6f80000)
  to   space 2560K, 0% used [0x00000000d6a80000,0x00000000d6a80000,0x00000000d6d00000)
 ParOldGen       total 68608K, used 40293K [0x0000000080000000, 0x0000000084300000, 0x00000000d5580000)
  object space 68608K, 58% used [0x0000000080000000,0x0000000082759418,0x0000000084300000)
 Metaspace       used 55126K, committed 56512K, reserved 1114112K
  class space    used 5993K, committed 6656K, reserved 1048576K
}
Event: 33.192 GC heap after
{Heap after GC invocations=33 (full 2):
 PSYoungGen      total 24064K, used 2528K [0x00000000d5580000, 0x00000000d7080000, 0x0000000100000000)
  eden space 21504K, 0% used [0x00000000d5580000,0x00000000d5580000,0x00000000d6a80000)
  from space 2560K, 98% used [0x00000000d6a80000,0x00000000d6cf8020,0x00000000d6d00000)
  to   space 3072K, 0% used [0x00000000d6d80000,0x00000000d6d80000,0x00000000d7080000)
 ParOldGen       total 68608K, used 41645K [0x0000000080000000, 0x0000000084300000, 0x00000000d5580000)
  object space 68608K, 60% used [0x0000000080000000,0x00000000828ab438,0x0000000084300000)
 Metaspace       used 55126K, committed 56512K, reserved 1114112K
  class space    used 5993K, committed 6656K, reserved 1048576K
}
Event: 33.448 GC heap before
{Heap before GC invocations=34 (full 2):
 PSYoungGen      total 24064K, used 24032K [0x00000000d5580000, 0x00000000d7080000, 0x0000000100000000)
  eden space 21504K, 100% used [0x00000000d5580000,0x00000000d6a80000,0x00000000d6a80000)
  from space 2560K, 98% used [0x00000000d6a80000,0x00000000d6cf8020,0x00000000d6d00000)
  to   space 3072K, 0% used [0x00000000d6d80000,0x00000000d6d80000,0x00000000d7080000)
 ParOldGen       total 68608K, used 41645K [0x0000000080000000, 0x0000000084300000, 0x00000000d5580000)
  object space 68608K, 60% used [0x0000000080000000,0x00000000828ab438,0x0000000084300000)
 Metaspace       used 55187K, committed 56576K, reserved 1114112K
  class space    used 5993K, committed 6656K, reserved 1048576K
}
Event: 33.453 GC heap after
{Heap after GC invocations=34 (full 2):
 PSYoungGen      total 23040K, used 1312K [0x00000000d5580000, 0x00000000d6f00000, 0x0000000100000000)
  eden space 21504K, 0% used [0x00000000d5580000,0x00000000d5580000,0x00000000d6a80000)
  from space 1536K, 85% used [0x00000000d6d80000,0x00000000d6ec8020,0x00000000d6f00000)
  to   space 2048K, 0% used [0x00000000d6b00000,0x00000000d6b00000,0x00000000d6d00000)
 ParOldGen       total 68608K, used 43522K [0x0000000080000000, 0x0000000084300000, 0x00000000d5580000)
  object space 68608K, 63% used [0x0000000080000000,0x0000000082a80be0,0x0000000084300000)
 Metaspace       used 55187K, committed 56576K, reserved 1114112K
  class space    used 5993K, committed 6656K, reserved 1048576K
}

