# JRE version: OpenJDK Runtime Environment Microsoft-11926163 (17.0.16+8) (build 17.0.16+8-LTS)
# Java VM: OpenJDK 64-Bit Server VM Microsoft-11926163 (17.0.16+8-LTS, mixed mode, sharing, tiered, compressed oops, compressed class ptrs, g1 gc, windows-amd64)
GC Precious Log:
 CPUs: 8 total, 8 available
 Memory: 16102M
 Large Page Support: Disabled
 NUMA Support: Disabled
 Compressed Oops: Enabled (Zero based)
 Heap Region Size: 2M
 Heap Min Capacity: 8M
 Heap Initial Capacity: 252M
 Heap Max Capacity: 4026M
 Pre-touch: Disabled
 Parallel Workers: 8
 Concurrent Workers: 2
 Concurrent Refinement Workers: 8
 Periodic GC: Disabled
Heap:
 garbage-first heap   total 55296K, used 22798K [0x0000000704600000, 0x0000000800000000)
  region size 2048K, 1 young (2048K), 1 survivors (2048K)
 Metaspace       used 46205K, committed 46848K, reserved 1114112K
  class space    used 6064K, committed 6336K, reserved 1048576K
GC Heap History (20 events):
Event: 4.198 GC heap after
{Heap after GC invocations=1 (full 0):
 garbage-first heap   total 258048K, used 8256K [0x0000000704600000, 0x0000000800000000)
  region size 2048K, 2 young (4096K), 2 survivors (4096K)
 Metaspace       used 5730K, committed 5888K, reserved 1114112K
  class space    used 666K, committed 704K, reserved 1048576K
}
Event: 7.202 GC heap before
{Heap before GC invocations=1 (full 0):
 garbage-first heap   total 258048K, used 30784K [0x0000000704600000, 0x0000000800000000)
  region size 2048K, 13 young (26624K), 2 survivors (4096K)
 Metaspace       used 11179K, committed 11584K, reserved 1114112K
  class space    used 1459K, committed 1664K, reserved 1048576K
}
Event: 7.214 GC heap after
{Heap after GC invocations=2 (full 0):
 garbage-first heap   total 258048K, used 9422K [0x0000000704600000, 0x0000000800000000)
  region size 2048K, 1 young (2048K), 1 survivors (2048K)
 Metaspace       used 11179K, committed 11584K, reserved 1114112K
  class space    used 1459K, committed 1664K, reserved 1048576K
}
Event: 10.298 GC heap before
{Heap before GC invocations=2 (full 0):
 garbage-first heap   total 258048K, used 60622K [0x0000000704600000, 0x0000000800000000)
  region size 2048K, 28 young (57344K), 1 survivors (2048K)
 Metaspace       used 21197K, committed 21504K, reserved 1114112K
  class space    used 2733K, committed 2880K, reserved 1048576K
}
Event: 10.305 GC heap after
{Heap after GC invocations=3 (full 0):
 garbage-first heap   total 258048K, used 13416K [0x0000000704600000, 0x0000000800000000)
  region size 2048K, 3 young (6144K), 3 survivors (6144K)
 Metaspace       used 21197K, committed 21504K, reserved 1114112K
  class space    used 2733K, committed 2880K, reserved 1048576K
}
Event: 11.811 GC heap before
{Heap before GC invocations=4 (full 0):
 garbage-first heap   total 55296K, used 40040K [0x0000000704600000, 0x0000000800000000)
  region size 2048K, 16 young (32768K), 3 survivors (6144K)
 Metaspace       used 25874K, committed 26176K, reserved 1114112K
  class space    used 3389K, committed 3520K, reserved 1048576K
}
Event: 11.822 GC heap after
{Heap after GC invocations=5 (full 0):
 garbage-first heap   total 55296K, used 16541K [0x0000000704600000, 0x0000000800000000)
  region size 2048K, 2 young (4096K), 2 survivors (4096K)
 Metaspace       used 25874K, committed 26176K, reserved 1114112K
  class space    used 3389K, committed 3520K, reserved 1048576K
}
Event: 11.976 GC heap before
{Heap before GC invocations=5 (full 0):
 garbage-first heap   total 55296K, used 18589K [0x0000000704600000, 0x0000000800000000)
  region size 2048K, 3 young (6144K), 2 survivors (4096K)
 Metaspace       used 26444K, committed 26816K, reserved 1114112K
  class space    used 3459K, committed 3648K, reserved 1048576K
}
Event: 11.983 GC heap after
{Heap after GC invocations=6 (full 0):
 garbage-first heap   total 55296K, used 16796K [0x0000000704600000, 0x0000000800000000)
  region size 2048K, 1 young (2048K), 1 survivors (2048K)
 Metaspace       used 26444K, committed 26816K, reserved 1114112K
  class space    used 3459K, committed 3648K, reserved 1048576K
}
Event: 14.203 GC heap before
{Heap before GC invocations=6 (full 0):
 garbage-first heap   total 55296K, used 35228K [0x0000000704600000, 0x0000000800000000)
  region size 2048K, 10 young (20480K), 1 survivors (2048K)
 Metaspace       used 30209K, committed 30656K, reserved 1114112K
  class space    used 4008K, committed 4224K, reserved 1048576K
}
Event: 14.218 GC heap after
{Heap after GC invocations=7 (full 0):
 garbage-first heap   total 55296K, used 18565K [0x0000000704600000, 0x0000000800000000)
  region size 2048K, 2 young (4096K), 2 survivors (4096K)
 Metaspace       used 30209K, committed 30656K, reserved 1114112K
  class space    used 4008K, committed 4224K, reserved 1048576K
}
Event: 15.261 GC heap before
{Heap before GC invocations=7 (full 0):
 garbage-first heap   total 55296K, used 34949K [0x0000000704600000, 0x0000000800000000)
  region size 2048K, 11 young (22528K), 2 survivors (4096K)
 Metaspace       used 34093K, committed 34560K, reserved 1114112K
  class space    used 4504K, committed 4736K, reserved 1048576K
}
Event: 15.267 GC heap after
{Heap after GC invocations=8 (full 0):
 garbage-first heap   total 55296K, used 20137K [0x0000000704600000, 0x0000000800000000)
  region size 2048K, 1 young (2048K), 1 survivors (2048K)
 Metaspace       used 34093K, committed 34560K, reserved 1114112K
  class space    used 4504K, committed 4736K, reserved 1048576K
}
Event: 15.610 GC heap before
{Heap before GC invocations=8 (full 0):
 garbage-first heap   total 55296K, used 26281K [0x0000000704600000, 0x0000000800000000)
  region size 2048K, 5 young (10240K), 1 survivors (2048K)
 Metaspace       used 36021K, committed 36416K, reserved 1114112K
  class space    used 4730K, committed 4928K, reserved 1048576K
}
Event: 15.613 GC heap after
{Heap after GC invocations=9 (full 0):
 garbage-first heap   total 55296K, used 20448K [0x0000000704600000, 0x0000000800000000)
  region size 2048K, 1 young (2048K), 1 survivors (2048K)
 Metaspace       used 36021K, committed 36416K, reserved 1114112K
  class space    used 4730K, committed 4928K, reserved 1048576K
}
Event: 17.142 GC heap before
{Heap before GC invocations=10 (full 0):
 garbage-first heap   total 55296K, used 40928K [0x0000000704600000, 0x0000000800000000)
  region size 2048K, 11 young (22528K), 1 survivors (2048K)
 Metaspace       used 41646K, committed 42304K, reserved 1114112K
  class space    used 5402K, committed 5696K, reserved 1048576K
}
Event: 17.145 GC heap after
{Heap after GC invocations=11 (full 0):
 garbage-first heap   total 55296K, used 22087K [0x0000000704600000, 0x0000000800000000)
  region size 2048K, 2 young (4096K), 2 survivors (4096K)
 Metaspace       used 41646K, committed 42304K, reserved 1114112K
  class space    used 5402K, committed 5696K, reserved 1048576K
}
Event: 17.270 GC heap before
{Heap before GC invocations=11 (full 0):
 garbage-first heap   total 55296K, used 22087K [0x0000000704600000, 0x0000000800000000)
  region size 2048K, 3 young (6144K), 2 survivors (4096K)
 Metaspace       used 42050K, committed 42688K, reserved 1114112K
  class space    used 5472K, committed 5760K, reserved 1048576K
}
Event: 17.275 GC heap after
{Heap after GC invocations=12 (full 0):
 garbage-first heap   total 55296K, used 22277K [0x0000000704600000, 0x0000000800000000)
  region size 2048K, 1 young (2048K), 1 survivors (2048K)
 Metaspace       used 42050K, committed 42688K, reserved 1114112K
  class space    used 5472K, committed 5760K, reserved 1048576K
}
Event: 18.031 GC heap before
{Heap before GC invocations=12 (full 0):
 garbage-first heap   total 55296K, used 38661K [0x0000000704600000, 0x0000000800000000)
  region size 2048K, 9 young (18432K), 1 survivors (2048K)
 Metaspace       used 46205K, committed 46848K, reserved 1114112K
  class space    used 6064K, committed 6336K, reserved 1048576K
}

