# JRE version: OpenJDK Runtime Environment Temurin-21.0.10+7 (21.0.10+7) (build 21.0.10+7-LTS)
# Java VM: OpenJDK 64-Bit Server VM Temurin-21.0.10+7 (21.0.10+7-LTS, mixed mode, sharing, tiered, compressed oops, compressed class ptrs, parallel gc, windows-amd64)
GC Precious Log:
 CardTable entry size: 512
 CPUs: 8 total, 8 available
 Memory: 16102M
 Large Page Support: Disabled
 NUMA Support: Disabled
 Compressed Oops: Enabled (32-bit)
 Alignments: Space 512K, Generation 512K, Heap 2M
 Heap Min Capacity: 100M
 Heap Initial Capacity: 100M
 Heap Max Capacity: 2G
 Pre-touch: Disabled
 Parallel Workers: 8
Heap:
 PSYoungGen      total 17408K, used 10567K [0x00000000d5580000, 0x00000000d6900000, 0x0000000100000000)
  eden space 15872K, 59% used [0x00000000d5580000,0x00000000d5ec2c48,0x00000000d6500000)
  from space 1536K, 70% used [0x00000000d6780000,0x00000000d688f240,0x00000000d6900000)
  to   space 1536K, 0% used [0x00000000d6600000,0x00000000d6600000,0x00000000d6780000)
 ParOldGen       total 68608K, used 41876K [0x0000000080000000, 0x0000000084300000, 0x00000000d5580000)
  object space 68608K, 61% used [0x0000000080000000,0x00000000828e5388,0x0000000084300000)
 Metaspace       used 55565K, committed 56896K, reserved 1114112K
  class space    used 6028K, committed 6592K, reserved 1048576K
GC Heap History (20 events):
Event: 19.036 GC heap before
{Heap before GC invocations=25 (full 2):
 PSYoungGen      total 24064K, used 23952K [0x00000000d5580000, 0x00000000d6f00000, 0x0000000100000000)
  eden space 22016K, 100% used [0x00000000d5580000,0x00000000d6b00000,0x00000000d6b00000)
  from space 2048K, 94% used [0x00000000d6d00000,0x00000000d6ee4010,0x00000000d6f00000)
  to   space 2048K, 0% used [0x00000000d6b00000,0x00000000d6b00000,0x00000000d6d00000)
 ParOldGen       total 68608K, used 27565K [0x0000000080000000, 0x0000000084300000, 0x00000000d5580000)
  object space 68608K, 40% used [0x0000000080000000,0x0000000081aeb438,0x0000000084300000)
 Metaspace       used 52812K, committed 54144K, reserved 1114112K
  class space    used 5783K, committed 6400K, reserved 1048576K
}
Event: 19.041 GC heap after
{Heap after GC invocations=25 (full 2):
 PSYoungGen      total 24064K, used 1696K [0x00000000d5580000, 0x00000000d6f00000, 0x0000000100000000)
  eden space 22016K, 0% used [0x00000000d5580000,0x00000000d5580000,0x00000000d6b00000)
  from space 2048K, 82% used [0x00000000d6b00000,0x00000000d6ca8000,0x00000000d6d00000)
  to   space 2048K, 0% used [0x00000000d6d00000,0x00000000d6d00000,0x00000000d6f00000)
 ParOldGen       total 68608K, used 29195K [0x0000000080000000, 0x0000000084300000, 0x00000000d5580000)
  object space 68608K, 42% used [0x0000000080000000,0x0000000081c82c10,0x0000000084300000)
 Metaspace       used 52812K, committed 54144K, reserved 1114112K
  class space    used 5783K, committed 6400K, reserved 1048576K
}
Event: 19.474 GC heap before
{Heap before GC invocations=26 (full 2):
 PSYoungGen      total 24064K, used 23712K [0x00000000d5580000, 0x00000000d6f00000, 0x0000000100000000)
  eden space 22016K, 100% used [0x00000000d5580000,0x00000000d6b00000,0x00000000d6b00000)
  from space 2048K, 82% used [0x00000000d6b00000,0x00000000d6ca8000,0x00000000d6d00000)
  to   space 2048K, 0% used [0x00000000d6d00000,0x00000000d6d00000,0x00000000d6f00000)
 ParOldGen       total 68608K, used 29195K [0x0000000080000000, 0x0000000084300000, 0x00000000d5580000)
  object space 68608K, 42% used [0x0000000080000000,0x0000000081c82c10,0x0000000084300000)
 Metaspace       used 53018K, committed 54336K, reserved 1114112K
  class space    used 5787K, committed 6400K, reserved 1048576K
}
Event: 19.479 GC heap after
{Heap after GC invocations=26 (full 2):
 PSYoungGen      total 22016K, used 2016K [0x00000000d5580000, 0x00000000d7300000, 0x0000000100000000)
  eden space 19968K, 0% used [0x00000000d5580000,0x00000000d5580000,0x00000000d6900000)
  from space 2048K, 98% used [0x00000000d6d00000,0x00000000d6ef8020,0x00000000d6f00000)
  to   space 4096K, 0% used [0x00000000d6900000,0x00000000d6900000,0x00000000d6d00000)
 ParOldGen       total 68608K, used 30732K [0x0000000080000000, 0x0000000084300000, 0x00000000d5580000)
  object space 68608K, 44% used [0x0000000080000000,0x0000000081e030f8,0x0000000084300000)
 Metaspace       used 53018K, committed 54336K, reserved 1114112K
  class space    used 5787K, committed 6400K, reserved 1048576K
}
Event: 19.862 GC heap before
{Heap before GC invocations=27 (full 2):
 PSYoungGen      total 22016K, used 21984K [0x00000000d5580000, 0x00000000d7300000, 0x0000000100000000)
  eden space 19968K, 100% used [0x00000000d5580000,0x00000000d6900000,0x00000000d6900000)
  from space 2048K, 98% used [0x00000000d6d00000,0x00000000d6ef8020,0x00000000d6f00000)
  to   space 4096K, 0% used [0x00000000d6900000,0x00000000d6900000,0x00000000d6d00000)
 ParOldGen       total 68608K, used 30732K [0x0000000080000000, 0x0000000084300000, 0x00000000d5580000)
  object space 68608K, 44% used [0x0000000080000000,0x0000000081e030f8,0x0000000084300000)
 Metaspace       used 53192K, committed 54528K, reserved 1114112K
  class space    used 5791K, committed 6400K, reserved 1048576K
}
Event: 19.868 GC heap after
{Heap after GC invocations=27 (full 2):
 PSYoungGen      total 21504K, used 1344K [0x00000000d5580000, 0x00000000d6e00000, 0x0000000100000000)
  eden space 19968K, 0% used [0x00000000d5580000,0x00000000d5580000,0x00000000d6900000)
  from space 1536K, 87% used [0x00000000d6900000,0x00000000d6a50000,0x00000000d6a80000)
  to   space 2560K, 0% used [0x00000000d6b80000,0x00000000d6b80000,0x00000000d6e00000)
 ParOldGen       total 68608K, used 31786K [0x0000000080000000, 0x0000000084300000, 0x00000000d5580000)
  object space 68608K, 46% used [0x0000000080000000,0x0000000081f0ab90,0x0000000084300000)
 Metaspace       used 53192K, committed 54528K, reserved 1114112K
  class space    used 5791K, committed 6400K, reserved 1048576K
}
Event: 20.780 GC heap before
{Heap before GC invocations=28 (full 2):
 PSYoungGen      total 21504K, used 21312K [0x00000000d5580000, 0x00000000d6e00000, 0x0000000100000000)
  eden space 19968K, 100% used [0x00000000d5580000,0x00000000d6900000,0x00000000d6900000)
  from space 1536K, 87% used [0x00000000d6900000,0x00000000d6a50000,0x00000000d6a80000)
  to   space 2560K, 0% used [0x00000000d6b80000,0x00000000d6b80000,0x00000000d6e00000)
 ParOldGen       total 68608K, used 31786K [0x0000000080000000, 0x0000000084300000, 0x00000000d5580000)
  object space 68608K, 46% used [0x0000000080000000,0x0000000081f0ab90,0x0000000084300000)
 Metaspace       used 53439K, committed 54720K, reserved 1114112K
  class space    used 5808K, committed 6400K, reserved 1048576K
}
Event: 20.786 GC heap after
{Heap after GC invocations=28 (full 2):
 PSYoungGen      total 20480K, used 2560K [0x00000000d5580000, 0x00000000d7200000, 0x0000000100000000)
  eden space 17920K, 0% used [0x00000000d5580000,0x00000000d5580000,0x00000000d6700000)
  from space 2560K, 100% used [0x00000000d6b80000,0x00000000d6e00000,0x00000000d6e00000)
  to   space 4608K, 0% used [0x00000000d6700000,0x00000000d6700000,0x00000000d6b80000)
 ParOldGen       total 68608K, used 33178K [0x0000000080000000, 0x0000000084300000, 0x00000000d5580000)
  object space 68608K, 48% used [0x0000000080000000,0x0000000082066b90,0x0000000084300000)
 Metaspace       used 53439K, committed 54720K, reserved 1114112K
  class space    used 5808K, committed 6400K, reserved 1048576K
}
Event: 21.239 GC heap before
{Heap before GC invocations=29 (full 2):
 PSYoungGen      total 20480K, used 20480K [0x00000000d5580000, 0x00000000d7200000, 0x0000000100000000)
  eden space 17920K, 100% used [0x00000000d5580000,0x00000000d6700000,0x00000000d6700000)
  from space 2560K, 100% used [0x00000000d6b80000,0x00000000d6e00000,0x00000000d6e00000)
  to   space 4608K, 0% used [0x00000000d6700000,0x00000000d6700000,0x00000000d6b80000)
 ParOldGen       total 68608K, used 33178K [0x0000000080000000, 0x0000000084300000, 0x00000000d5580000)
  object space 68608K, 48% used [0x0000000080000000,0x0000000082066b90,0x0000000084300000)
 Metaspace       used 53574K, committed 54848K, reserved 1114112K
  class space    used 5808K, committed 6400K, reserved 1048576K
}
Event: 21.243 GC heap after
{Heap after GC invocations=29 (full 2):
 PSYoungGen      total 19456K, used 1264K [0x00000000d5580000, 0x00000000d6c00000, 0x0000000100000000)
  eden space 17920K, 0% used [0x00000000d5580000,0x00000000d5580000,0x00000000d6700000)
  from space 1536K, 82% used [0x00000000d6700000,0x00000000d683c010,0x00000000d6880000)
  to   space 2560K, 0% used [0x00000000d6980000,0x00000000d6980000,0x00000000d6c00000)
 ParOldGen       total 68608K, used 35664K [0x0000000080000000, 0x0000000084300000, 0x00000000d5580000)
  object space 68608K, 51% used [0x0000000080000000,0x00000000822d4398,0x0000000084300000)
 Metaspace       used 53574K, committed 54848K, reserved 1114112K
  class space    used 5808K, committed 6400K, reserved 1048576K
}
Event: 22.152 GC heap before
{Heap before GC invocations=30 (full 2):
 PSYoungGen      total 19456K, used 19184K [0x00000000d5580000, 0x00000000d6c00000, 0x0000000100000000)
  eden space 17920K, 100% used [0x00000000d5580000,0x00000000d6700000,0x00000000d6700000)
  from space 1536K, 82% used [0x00000000d6700000,0x00000000d683c010,0x00000000d6880000)
  to   space 2560K, 0% used [0x00000000d6980000,0x00000000d6980000,0x00000000d6c00000)
 ParOldGen       total 68608K, used 35664K [0x0000000080000000, 0x0000000084300000, 0x00000000d5580000)
  object space 68608K, 51% used [0x0000000080000000,0x00000000822d4398,0x0000000084300000)
 Metaspace       used 54118K, committed 55424K, reserved 1114112K
  class space    used 5868K, committed 6464K, reserved 1048576K
}
Event: 22.156 GC heap after
{Heap after GC invocations=30 (full 2):
 PSYoungGen      total 19456K, used 1440K [0x00000000d5580000, 0x00000000d6b00000, 0x0000000100000000)
  eden space 17920K, 0% used [0x00000000d5580000,0x00000000d5580000,0x00000000d6700000)
  from space 1536K, 93% used [0x00000000d6980000,0x00000000d6ae8000,0x00000000d6b00000)
  to   space 2048K, 0% used [0x00000000d6700000,0x00000000d6700000,0x00000000d6900000)
 ParOldGen       total 68608K, used 36654K [0x0000000080000000, 0x0000000084300000, 0x00000000d5580000)
  object space 68608K, 53% used [0x0000000080000000,0x00000000823cbb60,0x0000000084300000)
 Metaspace       used 54118K, committed 55424K, reserved 1114112K
  class space    used 5868K, committed 6464K, reserved 1048576K
}
Event: 22.847 GC heap before
{Heap before GC invocations=31 (full 2):
 PSYoungGen      total 19456K, used 19360K [0x00000000d5580000, 0x00000000d6b00000, 0x0000000100000000)
  eden space 17920K, 100% used [0x00000000d5580000,0x00000000d6700000,0x00000000d6700000)
  from space 1536K, 93% used [0x00000000d6980000,0x00000000d6ae8000,0x00000000d6b00000)
  to   space 2048K, 0% used [0x00000000d6700000,0x00000000d6700000,0x00000000d6900000)
 ParOldGen       total 68608K, used 36654K [0x0000000080000000, 0x0000000084300000, 0x00000000d5580000)
  object space 68608K, 53% used [0x0000000080000000,0x00000000823cbb60,0x0000000084300000)
 Metaspace       used 54595K, committed 55936K, reserved 1114112K
  class space    used 5924K, committed 6528K, reserved 1048576K
}
Event: 22.849 GC heap after
{Heap after GC invocations=31 (full 2):
 PSYoungGen      total 19456K, used 1184K [0x00000000d5580000, 0x00000000d6a00000, 0x0000000100000000)
  eden space 17920K, 0% used [0x00000000d5580000,0x00000000d5580000,0x00000000d6700000)
  from space 1536K, 77% used [0x00000000d6700000,0x00000000d6828000,0x00000000d6880000)
  to   space 1536K, 0% used [0x00000000d6880000,0x00000000d6880000,0x00000000d6a00000)
 ParOldGen       total 68608K, used 37838K [0x0000000080000000, 0x0000000084300000, 0x00000000d5580000)
  object space 68608K, 55% used [0x0000000080000000,0x00000000824f3b80,0x0000000084300000)
 Metaspace       used 54595K, committed 55936K, reserved 1114112K
  class space    used 5924K, committed 6528K, reserved 1048576K
}
Event: 23.098 GC heap before
{Heap before GC invocations=32 (full 2):
 PSYoungGen      total 19456K, used 19104K [0x00000000d5580000, 0x00000000d6a00000, 0x0000000100000000)
  eden space 17920K, 100% used [0x00000000d5580000,0x00000000d6700000,0x00000000d6700000)
  from space 1536K, 77% used [0x00000000d6700000,0x00000000d6828000,0x00000000d6880000)
  to   space 1536K, 0% used [0x00000000d6880000,0x00000000d6880000,0x00000000d6a00000)
 ParOldGen       total 68608K, used 37838K [0x0000000080000000, 0x0000000084300000, 0x00000000d5580000)
  object space 68608K, 55% used [0x0000000080000000,0x00000000824f3b80,0x0000000084300000)
 Metaspace       used 54874K, committed 56192K, reserved 1114112K
  class space    used 5957K, committed 6528K, reserved 1048576K
}
Event: 23.104 GC heap after
{Heap after GC invocations=32 (full 2):
 PSYoungGen      total 17408K, used 1536K [0x00000000d5580000, 0x00000000d6e00000, 0x0000000100000000)
  eden space 15872K, 0% used [0x00000000d5580000,0x00000000d5580000,0x00000000d6500000)
  from space 1536K, 100% used [0x00000000d6880000,0x00000000d6a00000,0x00000000d6a00000)
  to   space 3584K, 0% used [0x00000000d6500000,0x00000000d6500000,0x00000000d6880000)
 ParOldGen       total 68608K, used 39390K [0x0000000080000000, 0x0000000084300000, 0x00000000d5580000)
  object space 68608K, 57% used [0x0000000080000000,0x00000000826778c0,0x0000000084300000)
 Metaspace       used 54874K, committed 56192K, reserved 1114112K
  class space    used 5957K, committed 6528K, reserved 1048576K
}
Event: 23.280 GC heap before
{Heap before GC invocations=33 (full 2):
 PSYoungGen      total 17408K, used 17408K [0x00000000d5580000, 0x00000000d6e00000, 0x0000000100000000)
  eden space 15872K, 100% used [0x00000000d5580000,0x00000000d6500000,0x00000000d6500000)
  from space 1536K, 100% used [0x00000000d6880000,0x00000000d6a00000,0x00000000d6a00000)
  to   space 3584K, 0% used [0x00000000d6500000,0x00000000d6500000,0x00000000d6880000)
 ParOldGen       total 68608K, used 39390K [0x0000000080000000, 0x0000000084300000, 0x00000000d5580000)
  object space 68608K, 57% used [0x0000000080000000,0x00000000826778c0,0x0000000084300000)
 Metaspace       used 54900K, committed 56192K, reserved 1114112K
  class space    used 5957K, committed 6528K, reserved 1048576K
}
Event: 23.285 GC heap after
{Heap after GC invocations=33 (full 2):
 PSYoungGen      total 17920K, used 1568K [0x00000000d5580000, 0x00000000d6a00000, 0x0000000100000000)
  eden space 15872K, 0% used [0x00000000d5580000,0x00000000d5580000,0x00000000d6500000)
  from space 2048K, 76% used [0x00000000d6500000,0x00000000d6688000,0x00000000d6700000)
  to   space 2560K, 0% used [0x00000000d6780000,0x00000000d6780000,0x00000000d6a00000)
 ParOldGen       total 68608K, used 40758K [0x0000000080000000, 0x0000000084300000, 0x00000000d5580000)
  object space 68608K, 59% used [0x0000000080000000,0x00000000827cd8f0,0x0000000084300000)
 Metaspace       used 54900K, committed 56192K, reserved 1114112K
  class space    used 5957K, committed 6528K, reserved 1048576K
}
Event: 24.771 GC heap before
{Heap before GC invocations=34 (full 2):
 PSYoungGen      total 17920K, used 17404K [0x00000000d5580000, 0x00000000d6a00000, 0x0000000100000000)
  eden space 15872K, 99% used [0x00000000d5580000,0x00000000d64f7220,0x00000000d6500000)
  from space 2048K, 76% used [0x00000000d6500000,0x00000000d6688000,0x00000000d6700000)
  to   space 2560K, 0% used [0x00000000d6780000,0x00000000d6780000,0x00000000d6a00000)
 ParOldGen       total 68608K, used 40758K [0x0000000080000000, 0x0000000084300000, 0x00000000d5580000)
  object space 68608K, 59% used [0x0000000080000000,0x00000000827cd8f0,0x0000000084300000)
 Metaspace       used 55163K, committed 56576K, reserved 1114112K
  class space    used 5984K, committed 6592K, reserved 1048576K
}
Event: 24.773 GC heap after
{Heap after GC invocations=34 (full 2):
 PSYoungGen      total 17408K, used 1084K [0x00000000d5580000, 0x00000000d6900000, 0x0000000100000000)
  eden space 15872K, 0% used [0x00000000d5580000,0x00000000d5580000,0x00000000d6500000)
  from space 1536K, 70% used [0x00000000d6780000,0x00000000d688f240,0x00000000d6900000)
  to   space 1536K, 0% used [0x00000000d6600000,0x00000000d6600000,0x00000000d6780000)
 ParOldGen       total 68608K, used 41876K [0x0000000080000000, 0x0000000084300000, 0x00000000d5580000)
  object space 68608K, 61% used [0x0000000080000000,0x00000000828e5388,0x0000000084300000)
 Metaspace       used 55163K, committed 56576K, reserved 1114112K
  class space    used 5984K, committed 6592K, reserved 1048576K
}

